2013/10/11 19:12:41 [error] [exception.CDbException] exception 'CDbException' with message 'CDbConnection failed to open the DB connection: SQLSTATE[28000] [1045] Access denied for user 'root'@'localhost' (using password: NO)' in /var/www/yii/framework/db/CDbConnection.php:382
Stack trace:
#0 /var/www/yii/framework/db/CDbConnection.php(330): CDbConnection->open()
#1 /var/www/yii/framework/db/CDbConnection.php(308): CDbConnection->setActive(true)
#2 /var/www/yii/framework/base/CModule.php(387): CDbConnection->init()
#3 /var/www/yii/framework/base/CModule.php(103): CModule->getComponent('db')
#4 /var/www/yii/framework/gii/generators/model/ModelCode.php(60): CModule->__get('db')
#5 /var/www/yii/framework/web/CFormModel.php(39): ModelCode->init()
#6 /var/www/yii/framework/gii/CCodeGenerator.php(153): CFormModel->__construct()
#7 /var/www/yii/framework/gii/CCodeGenerator.php(63): CCodeGenerator->prepare()
#8 /var/www/yii/framework/web/actions/CInlineAction.php(49): CCodeGenerator->actionIndex()
#9 /var/www/yii/framework/web/CController.php(308): CInlineAction->runWithParams(Array)
#10 /var/www/yii/framework/web/CController.php(286): CController->runAction(Object(CInlineAction))
#11 /var/www/yii/framework/web/CController.php(265): CController->runActionWithFilters(Object(CInlineAction), Array)
#12 /var/www/yii/framework/web/CWebApplication.php(282): CController->run('index')
#13 /var/www/yii/framework/web/CWebApplication.php(141): CWebApplication->runController('gii/model/index')
#14 /var/www/yii/framework/base/CApplication.php(180): CWebApplication->processRequest()
#15 /var/www/autoevalinpahu/index.php(13): CApplication->run()
#16 {main}
REQUEST_URI=/autoevalinpahu/index.php?r=gii/model/index
HTTP_REFERER=http://127.0.0.1/autoevalinpahu/index.php?r=gii/default/index
---
2013/10/11 19:47:01 [error] [exception.CException] exception 'CException' with message 'Property "Proceso.id_tipo_proceso" is not defined.' in /var/www/yii/framework/base/CComponent.php:130
Stack trace:
#0 /var/www/yii/framework/db/ar/CActiveRecord.php(145): CComponent->__get('id_tipo_proceso')
#1 /var/www/yii/framework/web/helpers/CHtml.php(2529): CActiveRecord->__get('id_tipo_proceso')
#2 /var/www/yii/framework/web/helpers/CHtml.php(1802): CHtml::resolveValue(Object(Proceso), 'id_tipo_proceso')
#3 /var/www/yii/framework/web/widgets/CActiveForm.php(847): CHtml::activeDropDownList(Object(Proceso), 'id_tipo_proceso', Array, Array)
#4 /var/www/autoevalinpahu/protected/views/proceso/_form.php(30): CActiveForm->dropDownList(Object(Proceso), 'id_tipo_proceso', Array)
#5 /var/www/yii/framework/web/CBaseController.php(126): require('/var/www/autoev...')
#6 /var/www/yii/framework/web/CBaseController.php(95): CBaseController->renderInternal('/var/www/autoev...', Array, true)
#7 /var/www/yii/framework/web/CController.php(869): CBaseController->renderFile('/var/www/autoev...', Array, true)
#8 /var/www/autoevalinpahu/protected/views/proceso/create.php(18): CController->renderPartial('_form', Array)
#9 /var/www/yii/framework/web/CBaseController.php(126): require('/var/www/autoev...')
#10 /var/www/yii/framework/web/CBaseController.php(95): CBaseController->renderInternal('/var/www/autoev...', Array, true)
#11 /var/www/yii/framework/web/CController.php(869): CBaseController->renderFile('/var/www/autoev...', Array, true)
#12 /var/www/yii/framework/web/CController.php(782): CController->renderPartial('create', Array, true)
#13 /var/www/autoevalinpahu/protected/controllers/ProcesoController.php(79): CController->render('create', Array)
#14 /var/www/yii/framework/web/actions/CInlineAction.php(49): ProcesoController->actionCreate()
#15 /var/www/yii/framework/web/CController.php(308): CInlineAction->runWithParams(Array)
#16 /var/www/yii/framework/web/filters/CFilterChain.php(133): CController->runAction(Object(CInlineAction))
#17 /var/www/yii/framework/web/filters/CFilter.php(40): CFilterChain->run()
#18 /var/www/yii/framework/web/CController.php(1145): CFilter->filter(Object(CFilterChain))
#19 /var/www/yii/framework/web/filters/CInlineFilter.php(58): CController->filterAccessControl(Object(CFilterChain))
#20 /var/www/yii/framework/web/filters/CFilterChain.php(130): CInlineFilter->filter(Object(CFilterChain))
#21 /var/www/yii/framework/web/CController.php(291): CFilterChain->run()
#22 /var/www/yii/framework/web/CController.php(265): CController->runActionWithFilters(Object(CInlineAction), Array)
#23 /var/www/yii/framework/web/CWebApplication.php(282): CController->run('create')
#24 /var/www/yii/framework/web/CWebApplication.php(141): CWebApplication->runController('proceso/create')
#25 /var/www/yii/framework/base/CApplication.php(180): CWebApplication->processRequest()
#26 /var/www/autoevalinpahu/index.php(13): CApplication->run()
#27 {main}
REQUEST_URI=/autoevalinpahu/index.php?r=proceso/create
HTTP_REFERER=http://127.0.0.1/autoevalinpahu/index.php?r=site/login
---
2013/10/11 19:47:56 [error] [exception.CException] exception 'CException' with message 'Property "Proceso.tipo_proceso" is not defined.' in /var/www/yii/framework/base/CComponent.php:130
Stack trace:
#0 /var/www/yii/framework/db/ar/CActiveRecord.php(145): CComponent->__get('tipo_proceso')
#1 /var/www/yii/framework/web/helpers/CHtml.php(2529): CActiveRecord->__get('tipo_proceso')
#2 /var/www/yii/framework/web/helpers/CHtml.php(2252): CHtml::resolveValue(Object(Proceso), 'tipo_proceso')
#3 /var/www/yii/framework/web/helpers/CHtml.php(1434): CHtml::activeInputField('text', Object(Proceso), 'tipo_proceso', Array)
#4 /var/www/yii/framework/web/widgets/CActiveForm.php(725): CHtml::activeTextField(Object(Proceso), 'tipo_proceso', Array)
#5 /var/www/autoevalinpahu/protected/views/proceso/_form.php(34): CActiveForm->textField(Object(Proceso), 'tipo_proceso')
#6 /var/www/yii/framework/web/CBaseController.php(126): require('/var/www/autoev...')
#7 /var/www/yii/framework/web/CBaseController.php(95): CBaseController->renderInternal('/var/www/autoev...', Array, true)
#8 /var/www/yii/framework/web/CController.php(869): CBaseController->renderFile('/var/www/autoev...', Array, true)
#9 /var/www/autoevalinpahu/protected/views/proceso/create.php(18): CController->renderPartial('_form', Array)
#10 /var/www/yii/framework/web/CBaseController.php(126): require('/var/www/autoev...')
#11 /var/www/yii/framework/web/CBaseController.php(95): CBaseController->renderInternal('/var/www/autoev...', Array, true)
#12 /var/www/yii/framework/web/CController.php(869): CBaseController->renderFile('/var/www/autoev...', Array, true)
#13 /var/www/yii/framework/web/CController.php(782): CController->renderPartial('create', Array, true)
#14 /var/www/autoevalinpahu/protected/controllers/ProcesoController.php(79): CController->render('create', Array)
#15 /var/www/yii/framework/web/actions/CInlineAction.php(49): ProcesoController->actionCreate()
#16 /var/www/yii/framework/web/CController.php(308): CInlineAction->runWithParams(Array)
#17 /var/www/yii/framework/web/filters/CFilterChain.php(133): CController->runAction(Object(CInlineAction))
#18 /var/www/yii/framework/web/filters/CFilter.php(40): CFilterChain->run()
#19 /var/www/yii/framework/web/CController.php(1145): CFilter->filter(Object(CFilterChain))
#20 /var/www/yii/framework/web/filters/CInlineFilter.php(58): CController->filterAccessControl(Object(CFilterChain))
#21 /var/www/yii/framework/web/filters/CFilterChain.php(130): CInlineFilter->filter(Object(CFilterChain))
#22 /var/www/yii/framework/web/CController.php(291): CFilterChain->run()
#23 /var/www/yii/framework/web/CController.php(265): CController->runActionWithFilters(Object(CInlineAction), Array)
#24 /var/www/yii/framework/web/CWebApplication.php(282): CController->run('create')
#25 /var/www/yii/framework/web/CWebApplication.php(141): CWebApplication->runController('proceso/create')
#26 /var/www/yii/framework/base/CApplication.php(180): CWebApplication->processRequest()
#27 /var/www/autoevalinpahu/index.php(13): CApplication->run()
#28 {main}
REQUEST_URI=/autoevalinpahu/index.php?r=proceso/create
HTTP_REFERER=http://127.0.0.1/autoevalinpahu/index.php?r=site/login
---
2013/10/11 19:50:47 [warning] [application] Failed to set unsafe attribute "id_tipo_proceso" of "Proceso".
in /var/www/autoevalinpahu/protected/controllers/ProcesoController.php (72)
in /var/www/autoevalinpahu/index.php (13)
2013/10/11 19:50:47 [error] [exception.CException] exception 'CException' with message 'Property "Proceso.tipo_proceso" is not defined.' in /var/www/yii/framework/base/CComponent.php:130
Stack trace:
#0 /var/www/yii/framework/db/ar/CActiveRecord.php(145): CComponent->__get('tipo_proceso')
#1 /var/www/yii/framework/validators/CRequiredValidator.php(58): CActiveRecord->__get('tipo_proceso')
#2 /var/www/yii/framework/validators/CValidator.php(213): CRequiredValidator->validateAttribute(Object(Proceso), 'tipo_proceso')
#3 /var/www/yii/framework/base/CModel.php(159): CValidator->validate(Object(Proceso), NULL)
#4 /var/www/yii/framework/db/ar/CActiveRecord.php(805): CModel->validate(NULL)
#5 /var/www/autoevalinpahu/protected/controllers/ProcesoController.php(73): CActiveRecord->save()
#6 /var/www/yii/framework/web/actions/CInlineAction.php(49): ProcesoController->actionCreate()
#7 /var/www/yii/framework/web/CController.php(308): CInlineAction->runWithParams(Array)
#8 /var/www/yii/framework/web/filters/CFilterChain.php(133): CController->runAction(Object(CInlineAction))
#9 /var/www/yii/framework/web/filters/CFilter.php(40): CFilterChain->run()
#10 /var/www/yii/framework/web/CController.php(1145): CFilter->filter(Object(CFilterChain))
#11 /var/www/yii/framework/web/filters/CInlineFilter.php(58): CController->filterAccessControl(Object(CFilterChain))
#12 /var/www/yii/framework/web/filters/CFilterChain.php(130): CInlineFilter->filter(Object(CFilterChain))
#13 /var/www/yii/framework/web/CController.php(291): CFilterChain->run()
#14 /var/www/yii/framework/web/CController.php(265): CController->runActionWithFilters(Object(CInlineAction), Array)
#15 /var/www/yii/framework/web/CWebApplication.php(282): CController->run('create')
#16 /var/www/yii/framework/web/CWebApplication.php(141): CWebApplication->runController('proceso/create')
#17 /var/www/yii/framework/base/CApplication.php(180): CWebApplication->processRequest()
#18 /var/www/autoevalinpahu/index.php(13): CApplication->run()
#19 {main}
REQUEST_URI=/autoevalinpahu/index.php?r=proceso/create
HTTP_REFERER=http://127.0.0.1/autoevalinpahu/index.php?r=proceso/create
---
2013/10/11 20:10:03 [error] [exception.CHttpException.404] exception 'CHttpException' with message 'Unable to resolve the request "factorproceso".' in /var/www/yii/framework/web/CWebApplication.php:286
Stack trace:
#0 /var/www/yii/framework/web/CWebApplication.php(141): CWebApplication->runController('factorproceso')
#1 /var/www/yii/framework/base/CApplication.php(180): CWebApplication->processRequest()
#2 /var/www/autoevalinpahu/index.php(13): CApplication->run()
#3 {main}
REQUEST_URI=/autoevalinpahu/index.php?r=factorproceso
---
